<?xml version="1.0" encoding="UTF-8"?>
<!-- Generated by org.testng.reporters.JUnitReportReporter -->
<testsuite hostname="DESKTOP-2EA6IRU" failures="0" tests="1" name="testByTestNG.TestCraigListAptAndHousingLink" time="1.995" errors="0" timestamp="2021-06-14T23:26:50 CDT" skipped="0">
  <testcase classname="testByTestNG.TestCraigListAptAndHousingLink" name="aptOrHousingLinkActivated" time="1.995"/>
  <system-out/>
</testsuite> <!-- testByTestNG.TestCraigListAptAndHousingLink -->
