<?xml version="1.0" encoding="UTF-8"?>
<!-- Generated by org.testng.reporters.JUnitReportReporter -->
<testsuite hostname="DESKTOP-2EA6IRU" failures="0" tests="1" name="class_19TestNG.TestCraigListAccountingAndFinanceLink" time="2.053" errors="0" timestamp="2021-06-14T23:26:50 CDT" skipped="0">
  <testcase classname="class_19TestNG.TestCraigListAccountingAndFinanceLink" name="testAccount_Finance" time="2.053"/>
  <system-out/>
</testsuite> <!-- class_19TestNG.TestCraigListAccountingAndFinanceLink -->
