<?xml version="1.0" encoding="UTF-8"?>
<!-- Generated by org.testng.reporters.JUnitReportReporter -->
<testsuite hostname="DESKTOP-2EA6IRU" failures="0" tests="1" name="testByTestNG.TestCraigListAccountingAndFinanceLink" time="0.443" errors="0" timestamp="2021-06-14T23:26:50 CDT" skipped="0">
  <testcase classname="testByTestNG.TestCraigListAccountingAndFinanceLink" name="testCLAccountngAndFinance" time="0.443"/>
  <system-out/>
</testsuite> <!-- testByTestNG.TestCraigListAccountingAndFinanceLink -->
